-------------------------------------------------------------------------------
Test set: PHP Travel - Login
-------------------------------------------------------------------------------
Tests run: 1, Failures: 1, Errors: 0, Skipped: 0, Time elapsed: 12.746 s <<< FAILURE! - in PHP Travel - Login
PHP Travel - Login.User Success Login PHP Travel #1  Time elapsed: 12.746 s  <<< FAILURE!
java.lang.AssertionError: 

Expecting Welcome Back that is displayed
But got: web element is not displayed

