-------------------------------------------------------------------------------
Test set: Potentivio - Hire Artist
-------------------------------------------------------------------------------
Tests run: 1, Failures: 1, Errors: 0, Skipped: 0, Time elapsed: 12.594 s <<< FAILURE! - in Potentivio - Hire Artist
Potentivio - Hire Artist.User access detail artist successfully  Time elapsed: 12.594 s  <<< FAILURE!
java.lang.AssertionError: 

Expecting artist list that is displayed
But got: web element is not displayed

