<?xml version="1.0" encoding="UTF-8" standalone="no"?><testsuite errors="1" failures="0" name="PHP Travel - Booking Hotel" skipped="0" tests="1" time="14.58" timestamp="2022-06-23 06:58:04"><testcase name="User successfully booking hotel"><error message="Step [{actor} select Checkout Date] is defined with 0 parameters at 'PHPTravel.stepdefinitions.BookHotelStepDef.iSelectCheckoutDate()'.&#10;However, the gherkin step has 1 arguments:&#10; * I&#10;Step text: I select Checkout Date" type="io.cucumber.core.exception.CucumberException">Step [{actor} select Checkout Date] is defined with 0 parameters at 'PHPTravel.stepdefinitions.BookHotelStepDef.iSelectCheckoutDate()'.
However, the gherkin step has 1 arguments:
 * I
Step text: I select Checkout Date</error><system-err>Step [{actor} select Checkout Date] is defined with 0 parameters at 'PHPTravel.stepdefinitions.BookHotelStepDef.iSelectCheckoutDate()'.
However, the gherkin step has 1 arguments:
 * I
Step text: I select Checkout Date&#13;
io.cucumber.core.runner.PickleStepDefinitionMatch.arityMismatch(PickleStepDefinitionMatch.java:83)&#13;
io.cucumber.core.runner.PickleStepDefinitionMatch.runStep(PickleStepDefinitionMatch.java:42)&#13;
io.cucumber.core.runner.TestStep.executeStep(TestStep.java:86)&#13;
io.cucumber.core.runner.TestStep.run(TestStep.java:57)&#13;
io.cucumber.core.runner.PickleStepTestStep.run(PickleStepTestStep.java:51)&#13;
io.cucumber.core.runner.TestCase.run(TestCase.java:95)&#13;
io.cucumber.core.runner.Runner.runPickle(Runner.java:75)&#13;
io.cucumber.core.runtime.CucumberExecutionContext.lambda$runTestCase$3(CucumberExecutionContext.java:151)&#13;
io.cucumber.core.runtime.RethrowingThrowableCollector.executeAndThrow(RethrowingThrowableCollector.java:23)&#13;
io.cucumber.core.runtime.CucumberExecutionContext.runTestCase(CucumberExecutionContext.java:151)&#13;
io.cucumber.junit.FeatureRunner.runChild(FeatureRunner.java:144)&#13;
io.cucumber.junit.FeatureRunner.runChild(FeatureRunner.java:28)&#13;
io.cucumber.junit.FeatureRunner.run(FeatureRunner.java:137)&#13;
io.cucumber.junit.CucumberSerenityRunner.runChild(CucumberSerenityRunner.java:258)&#13;
io.cucumber.junit.CucumberSerenityRunner.runChild(CucumberSerenityRunner.java:58)&#13;
</system-err></testcase></testsuite>