<?xml version="1.0" encoding="UTF-8" standalone="no"?><testsuite errors="1" failures="0" name="PHP Travel - Login" skipped="0" tests="1" time="0.27" timestamp="2022-06-22 08:26:25"><testcase name="User Login as Cafe Owner Successfully"><error message="Step [I open PHP Travel login page] is defined with 1 parameters at 'Potentivio.stepdefinitions.LoginStepDef.LoadPHPTravelPage(net.serenitybdd.screenplay.Actor)'.&#10;However, the gherkin step has 0 arguments.&#10;Step text: I open PHP Travel login page" type="io.cucumber.core.exception.CucumberException">Step [I open PHP Travel login page] is defined with 1 parameters at 'Potentivio.stepdefinitions.LoginStepDef.LoadPHPTravelPage(net.serenitybdd.screenplay.Actor)'.
However, the gherkin step has 0 arguments.
Step text: I open PHP Travel login page</error><system-err>Step [I open PHP Travel login page] is defined with 1 parameters at 'Potentivio.stepdefinitions.LoginStepDef.LoadPHPTravelPage(net.serenitybdd.screenplay.Actor)'.
However, the gherkin step has 0 arguments.
Step text: I open PHP Travel login page&#13;
io.cucumber.core.runner.PickleStepDefinitionMatch.arityMismatch(PickleStepDefinitionMatch.java:83)&#13;
io.cucumber.core.runner.PickleStepDefinitionMatch.runStep(PickleStepDefinitionMatch.java:42)&#13;
io.cucumber.core.runner.TestStep.executeStep(TestStep.java:86)&#13;
io.cucumber.core.runner.TestStep.run(TestStep.java:57)&#13;
io.cucumber.core.runner.PickleStepTestStep.run(PickleStepTestStep.java:51)&#13;
io.cucumber.core.runner.TestCase.run(TestCase.java:95)&#13;
io.cucumber.core.runner.Runner.runPickle(Runner.java:75)&#13;
io.cucumber.core.runtime.CucumberExecutionContext.lambda$runTestCase$3(CucumberExecutionContext.java:151)&#13;
io.cucumber.core.runtime.RethrowingThrowableCollector.executeAndThrow(RethrowingThrowableCollector.java:23)&#13;
io.cucumber.core.runtime.CucumberExecutionContext.runTestCase(CucumberExecutionContext.java:151)&#13;
io.cucumber.junit.FeatureRunner.runChild(FeatureRunner.java:144)&#13;
io.cucumber.junit.FeatureRunner.runChild(FeatureRunner.java:28)&#13;
io.cucumber.junit.FeatureRunner.run(FeatureRunner.java:137)&#13;
io.cucumber.junit.CucumberSerenityRunner.runChild(CucumberSerenityRunner.java:258)&#13;
io.cucumber.junit.CucumberSerenityRunner.runChild(CucumberSerenityRunner.java:58)&#13;
</system-err></testcase></testsuite>